<?xml version="1.0" encoding="UTF-8"?>
<!-- Generated by org.testng.reporters.JUnitReportReporter -->
<testsuite hostname="LAPTOP-SQN05NQ4" failures="0" tests="1" name="com.qa.tests.Product_Search_Filter_Test" time="5.137" errors="0" timestamp="2024-01-05T22:00:46 IST" skipped="0">
  <testcase classname="com.qa.tests.Product_Search_Filter_Test" name="Verify_Product_Filter" time="5.137"/>
  <system-out/>
</testsuite> <!-- com.qa.tests.Product_Search_Filter_Test -->
