<?xml version="1.0" encoding="UTF-8"?>
<!-- Generated by org.testng.reporters.JUnitReportReporter -->
<testsuite hostname="LAPTOP-SQN05NQ4" failures="0" tests="4" name="com.qa.tests.LoginPageTest" time="3.069" errors="0" timestamp="2024-01-05T20:13:32 IST" skipped="0">
  <testcase classname="com.qa.tests.LoginPageTest" name="loginPageTitleTest" time="0.074"/>
  <system-out/>
  <testcase classname="com.qa.tests.LoginPageTest" name="loginPageUrlTest" time="0.020"/>
  <system-out/>
  <testcase classname="com.qa.tests.LoginPageTest" name="forgotPwdLinkTest" time="0.086"/>
  <system-out/>
  <testcase classname="com.qa.tests.LoginPageTest" name="loginTest" time="2.889"/>
  <system-out/>
</testsuite> <!-- com.qa.tests.LoginPageTest -->
