<?xml version="1.0" encoding="UTF-8"?>
<!-- Generated by org.testng.reporters.JUnitReportReporter -->
<testsuite hostname="LAPTOP-SQN05NQ4" failures="0" tests="3" name="com.qa.tests.Product_Search_Filter_Test" time="31.951" errors="0" timestamp="2024-01-06T09:56:33 IST" skipped="0">
  <testcase classname="com.qa.tests.Product_Search_Filter_Test" name="GetTitle" time="8.186"/>
  <testcase classname="com.qa.tests.Product_Search_Filter_Test" name="GetUrl" time="12.479"/>
  <testcase classname="com.qa.tests.Product_Search_Filter_Test" name="Verify_Product_Filter" time="11.286"/>
</testsuite> <!-- com.qa.tests.Product_Search_Filter_Test -->
